<?xml version="1.0" encoding="UTF-8"?>
<testng-results skipped="0" failed="0" ignored="0" total="2" passed="2">
  <reporter-output>
  </reporter-output>
  <suite name="Default suite" duration-ms="42" started-at="2019-10-13T13:53:14Z" finished-at="2019-10-13T13:53:14Z">
    <groups>
    </groups>
    <test name="Default test" duration-ms="42" started-at="2019-10-13T13:53:14Z" finished-at="2019-10-13T13:53:14Z">
      <class name="test01.DataDriverTest">
        <test-method status="PASS" signature="loginTest(java.lang.String, java.lang.String)[pri:0, instance:test01.DataDriverTest@2833cc44]" name="loginTest" duration-ms="9" started-at="2019-10-13T13:53:14Z" data-provider="loginUser" finished-at="2019-10-13T13:53:14Z">
          <params>
            <param index="0">
              <value>
                <![CDATA[user1]]>
              </value>
            </param>
            <param index="1">
              <value>
                <![CDATA[pwd1]]>
              </value>
            </param>
          </params>
          <reporter-output>
          </reporter-output>
        </test-method> <!-- loginTest -->
        <test-method status="PASS" signature="loginTest(java.lang.String, java.lang.String)[pri:0, instance:test01.DataDriverTest@2833cc44]" name="loginTest" duration-ms="2" started-at="2019-10-13T13:53:14Z" data-provider="loginUser" finished-at="2019-10-13T13:53:14Z">
          <params>
            <param index="0">
              <value>
                <![CDATA[user2]]>
              </value>
            </param>
            <param index="1">
              <value>
                <![CDATA[pwd2]]>
              </value>
            </param>
          </params>
          <reporter-output>
          </reporter-output>
        </test-method> <!-- loginTest -->
      </class> <!-- test01.DataDriverTest -->
    </test> <!-- Default test -->
  </suite> <!-- Default suite -->
</testng-results>
